[    0.000000] Linux version 4.15.0-55-generic (buildd@lcy01-amd64-029) (gcc version 7.4.0 (Ubuntu 7.4.0-1ubuntu1~18.04.1)) #60-Ubuntu SMP Tue Jul 2 18:22:20 UTC 2019 (Ubuntu 4.15.0-55.60-generic 4.15.18)
[    0.000000] Command line: BOOT_IMAGE=/boot/vmlinuz-4.15.0-55-generic root=LABEL=cloudimg-rootfs ro console=tty1 console=ttyS0
[    0.000000] KERNEL supported cpus:
[    0.000000]   Intel GenuineIntel
[    0.000000]   AMD AuthenticAMD
[    0.000000]   Centaur CentaurHauls
[    0.000000] x86/fpu: Supporting XSAVE feature 0x001: 'x87 floating point registers'
[    0.000000] x86/fpu: Supporting XSAVE feature 0x002: 'SSE registers'
[    0.000000] x86/fpu: Supporting XSAVE feature 0x004: 'AVX registers'
[    0.000000] x86/fpu: xstate_offset[2]:  576, xstate_sizes[2]:  256
[    0.000000] x86/fpu: Enabled xstate features 0x7, context size is 832 bytes, using 'standard' format.
[    0.000000] e820: BIOS-provided physical RAM map:
[    0.000000] BIOS-e820: [mem 0x0000000000000000-0x000000000009fbff] usable
[    0.000000] BIOS-e820: [mem 0x000000000009fc00-0x000000000009ffff] reserved
[    0.000000] BIOS-e820: [mem 0x00000000000f0000-0x00000000000fffff] reserved
[    0.000000] BIOS-e820: [mem 0x0000000000100000-0x000000003ffeffff] usable
[    0.000000] BIOS-e820: [mem 0x000000003fff0000-0x000000003fffffff] ACPI data
[    0.000000] BIOS-e820: [mem 0x00000000fec00000-0x00000000fec00fff] reserved
[    0.000000] BIOS-e820: [mem 0x00000000fee00000-0x00000000fee00fff] reserved
[    0.000000] BIOS-e820: [mem 0x00000000fffc0000-0x00000000ffffffff] reserved
[    0.000000] NX (Execute Disable) protection: active
[    0.000000] SMBIOS 2.5 present.
[    0.000000] DMI: innotek GmbH VirtualBox/VirtualBox, BIOS VirtualBox 12/01/2006
[    0.000000] Hypervisor detected: KVM
[    0.000000] e820: last_pfn = 0x3fff0 max_arch_pfn = 0x400000000
[    0.000000] MTRR: Disabled
[    0.000000] x86/PAT: MTRRs disabled, skipping PAT initialization too.
[    0.000000] CPU MTRRs all blank - virtualized system.
[    0.000000] x86/PAT: Configuration [0-7]: WB  WT  UC- UC  WB  WT  UC- UC  
[    0.000000] found SMP MP-table at [mem 0x0009fff0-0x0009ffff] mapped at [        (ptrval)]
[    0.000000] Scanning 1 areas for low memory corruption
[    0.000000] RAMDISK: [mem 0x35a95000-0x36d41fff]
[    0.000000] ACPI: Early table checksum verification disabled
[    0.000000] ACPI: RSDP 0x00000000000E0000 000024 (v02 VBOX  )
[    0.000000] ACPI: XSDT 0x000000003FFF0030 00003C (v01 VBOX   VBOXXSDT 00000001 ASL  00000061)
[    0.000000] ACPI: FACP 0x000000003FFF00F0 0000F4 (v04 VBOX   VBOXFACP 00000001 ASL  00000061)
[    0.000000] ACPI: DSDT 0x000000003FFF0470 0022EA (v02 VBOX   VBOXBIOS 00000002 INTL 20100528)
[    0.000000] ACPI: FACS 0x000000003FFF0200 000040
[    0.000000] ACPI: FACS 0x000000003FFF0200 000040
[    0.000000] ACPI: APIC 0x000000003FFF0240 00005C (v02 VBOX   VBOXAPIC 00000001 ASL  00000061)
[    0.000000] ACPI: SSDT 0x000000003FFF02A0 0001CC (v01 VBOX   VBOXCPUT 00000002 INTL 20100528)
[    0.000000] No NUMA configuration found
[    0.000000] Faking a node at [mem 0x0000000000000000-0x000000003ffeffff]
[    0.000000] NODE_DATA(0) allocated [mem 0x3ffc5000-0x3ffeffff]
[    0.000000] kvm-clock: cpu 0, msr 0:3ff44001, primary cpu clock
[    0.000000] kvm-clock: Using msrs 4b564d01 and 4b564d00
[    0.000000] kvm-clock: using sched offset of 5484541283 cycles
[    0.000000] clocksource: kvm-clock: mask: 0xffffffffffffffff max_cycles: 0x1cd42e4dffb, max_idle_ns: 881590591483 ns
[    0.000000] Zone ranges:
[    0.000000]   DMA      [mem 0x0000000000001000-0x0000000000ffffff]
[    0.000000]   DMA32    [mem 0x0000000001000000-0x000000003ffeffff]
[    0.000000]   Normal   empty
[    0.000000]   Device   empty
[    0.000000] Movable zone start for each node
[    0.000000] Early memory node ranges
[    0.000000]   node   0: [mem 0x0000000000001000-0x000000000009efff]
[    0.000000]   node   0: [mem 0x0000000000100000-0x000000003ffeffff]
[    0.000000] Reserved but unavailable: 114 pages
[    0.000000] Initmem setup node 0 [mem 0x0000000000001000-0x000000003ffeffff]
[    0.000000] ACPI: PM-Timer IO Port: 0x4008
[    0.000000] IOAPIC[0]: apic_id 2, version 32, address 0xfec00000, GSI 0-23
[    0.000000] ACPI: INT_SRC_OVR (bus 0 bus_irq 0 global_irq 2 dfl dfl)
[    0.000000] ACPI: INT_SRC_OVR (bus 0 bus_irq 9 global_irq 9 low level)
[    0.000000] Using ACPI (MADT) for SMP configuration information
[    0.000000] smpboot: Allowing 2 CPUs, 0 hotplug CPUs
[    0.000000] PM: Registered nosave memory: [mem 0x00000000-0x00000fff]
[    0.000000] PM: Registered nosave memory: [mem 0x0009f000-0x0009ffff]
[    0.000000] PM: Registered nosave memory: [mem 0x000a0000-0x000effff]
[    0.000000] PM: Registered nosave memory: [mem 0x000f0000-0x000fffff]
[    0.000000] e820: [mem 0x40000000-0xfebfffff] available for PCI devices
[    0.000000] Booting paravirtualized kernel on KVM
[    0.000000] clocksource: refined-jiffies: mask: 0xffffffff max_cycles: 0xffffffff, max_idle_ns: 7645519600211568 ns
[    0.000000] random: get_random_bytes called from start_kernel+0x99/0x4fd with crng_init=0
[    0.000000] setup_percpu: NR_CPUS:8192 nr_cpumask_bits:2 nr_cpu_ids:2 nr_node_ids:1
[    0.000000] percpu: Embedded 46 pages/cpu @        (ptrval) s151552 r8192 d28672 u1048576
[    0.000000] PV qspinlock hash table entries: 256 (order: 0, 4096 bytes)
[    0.000000] Built 1 zonelists, mobility grouping on.  Total pages: 257913
[    0.000000] Policy zone: DMA32
[    0.000000] Kernel command line: BOOT_IMAGE=/boot/vmlinuz-4.15.0-55-generic root=LABEL=cloudimg-rootfs ro console=tty1 console=ttyS0
[    0.000000] Memory: 983460K/1048120K available (12300K kernel code, 2473K rwdata, 4276K rodata, 2408K init, 2416K bss, 64660K reserved, 0K cma-reserved)
[    0.000000] SLUB: HWalign=64, Order=0-3, MinObjects=0, CPUs=2, Nodes=1
[    0.000000] Kernel/User page tables isolation: enabled
[    0.000000] ftrace: allocating 39219 entries in 154 pages
[    0.004000] Hierarchical RCU implementation.
[    0.004000] 	RCU restricting CPUs from NR_CPUS=8192 to nr_cpu_ids=2.
[    0.004000] 	Tasks RCU enabled.
[    0.004000] RCU: Adjusting geometry for rcu_fanout_leaf=16, nr_cpu_ids=2
[    0.004000] NR_IRQS: 524544, nr_irqs: 440, preallocated irqs: 16
[    0.004000] Console: colour VGA+ 80x25
[    0.004000] console [tty1] enabled
[    0.004000] console [ttyS0] enabled
[    0.004000] ACPI: Core revision 20170831
[    0.004000] ACPI: 2 ACPI AML tables successfully acquired and loaded
[    0.004000] APIC: Switch to symmetric I/O mode setup
[    0.004000] x2apic enabled
[    0.004000] Switched APIC routing to physical x2apic.
[    0.012000] ..TIMER: vector=0x30 apic1=0 pin1=2 apic2=-1 pin2=-1
[    0.012004] tsc: Detected 2494.230 MHz processor
[    0.013845] Calibrating delay loop (skipped) preset value.. 4988.46 BogoMIPS (lpj=9976920)
[    0.016005] pid_max: default: 32768 minimum: 301
[    0.020078] Security Framework initialized
[    0.021752] Yama: becoming mindful.
[    0.024044] AppArmor: AppArmor initialized
[    0.028095] Dentry cache hash table entries: 131072 (order: 8, 1048576 bytes)
[    0.032128] Inode-cache hash table entries: 65536 (order: 7, 524288 bytes)
[    0.036026] Mount-cache hash table entries: 2048 (order: 2, 16384 bytes)
[    0.038540] Mountpoint-cache hash table entries: 2048 (order: 2, 16384 bytes)
[    0.040583] mce: CPU supports 0 MCE banks
[    0.044032] Last level iTLB entries: 4KB 1024, 2MB 1024, 4MB 1024
[    0.046311] Last level dTLB entries: 4KB 1024, 2MB 1024, 4MB 1024, 1GB 4
[    0.048006] Spectre V2 : Mitigation: Full generic retpoline
[    0.050167] Spectre V2 : Spectre v2 / SpectreRSB mitigation: Filling RSB on context switch
[    0.052004] Speculative Store Bypass: Vulnerable
[    0.056104] MDS: Mitigation: Clear CPU buffers
[    0.058284] Freeing SMP alternatives memory: 36K
[    0.064000] smpboot: CPU0: Intel(R) Core(TM) i5-4300U CPU @ 1.90GHz (family: 0x6, model: 0x45, stepping: 0x1)
[    0.064150] Performance Events: unsupported p6 CPU model 69 no PMU driver, software events only.
[    0.067667] Hierarchical SRCU implementation.
[    0.068841] NMI watchdog: Perf event create on CPU 0 failed with -2
[    0.071162] NMI watchdog: Perf NMI watchdog permanently disabled
[    0.072082] smp: Bringing up secondary CPUs ...
[    0.076168] x86: Booting SMP configuration:
[    0.077883] .... node  #0, CPUs:      #1
[    0.004000] kvm-clock: cpu 1, msr 0:3ff44041, secondary cpu clock
[    0.004000] mce: CPU supports 0 MCE banks
[    0.086591] smp: Brought up 1 node, 2 CPUs
[    0.086591] smpboot: Max logical packages: 1
[    0.088014] smpboot: Total of 2 processors activated (9976.92 BogoMIPS)
[    0.092269] devtmpfs: initialized
[    0.093922] x86/mm: Memory block size: 128MB
[    0.096531] evm: security.selinux
[    0.100005] evm: security.SMACK64
[    0.101962] evm: security.SMACK64EXEC
[    0.104004] evm: security.SMACK64TRANSMUTE
[    0.106101] evm: security.SMACK64MMAP
[    0.108003] evm: security.apparmor
[    0.109787] evm: security.ima
[    0.111156] evm: security.capability
[    0.112297] clocksource: jiffies: mask: 0xffffffff max_cycles: 0xffffffff, max_idle_ns: 7645041785100000 ns
[    0.116015] futex hash table entries: 512 (order: 3, 32768 bytes)
[    0.120131] pinctrl core: initialized pinctrl subsystem
[    0.128314] RTC time: 16:19:12, date: 07/25/19
[    0.132409] NET: Registered protocol family 16
[    0.136342] audit: initializing netlink subsys (disabled)
[    0.138957] audit: type=2000 audit(1564071559.344:1): state=initialized audit_enabled=0 res=1
[    0.144017] cpuidle: using governor ladder
[    0.146396] cpuidle: using governor menu
[    0.148094] ACPI: bus type PCI registered
[    0.150169] acpiphp: ACPI Hot Plug PCI Controller Driver version: 0.5
[    0.152244] PCI: Using configuration type 1 for base access
[    0.160915] HugeTLB registered 2.00 MiB page size, pre-allocated 0 pages
[    0.164272] ACPI: Added _OSI(Module Device)
[    0.168020] ACPI: Added _OSI(Processor Device)
[    0.170402] ACPI: Added _OSI(3.0 _SCP Extensions)
[    0.172026] ACPI: Added _OSI(Processor Aggregator Device)
[    0.174718] ACPI: Added _OSI(Linux-Dell-Video)
[    0.176011] ACPI: Added _OSI(Linux-Lenovo-NV-HDMI-Audio)
[    0.180010] ACPI: Added _OSI(Linux-HPI-Hybrid-Graphics)
[    0.184200] ACPI: Executed 1 blocks of module-level executable AML code
[    0.204127] ACPI: Interpreter enabled
[    0.206245] ACPI: (supports S0 S5)
[    0.208008] ACPI: Using IOAPIC for interrupt routing
[    0.212416] PCI: Using host bridge windows from ACPI; if necessary, use "pci=nocrs" and report a bug
[    0.216687] ACPI: Enabled 2 GPEs in block 00 to 07
[    0.244141] ACPI: PCI Root Bridge [PCI0] (domain 0000 [bus 00-ff])
[    0.246600] acpi PNP0A03:00: _OSC: OS supports [ASPM ClockPM Segments MSI]
[    0.250235] acpi PNP0A03:00: _OSC: not requesting OS control; OS requires [ExtendedConfig ASPM ClockPM MSI]
[    0.252036] acpi PNP0A03:00: fail to add MMCONFIG information, can't access extended PCI configuration space under this bridge.
[    0.260586] PCI host bridge to bus 0000:00
[    0.262302] pci_bus 0000:00: root bus resource [io  0x0000-0x0cf7 window]
[    0.264007] pci_bus 0000:00: root bus resource [io  0x0d00-0xffff window]
[    0.266588] pci_bus 0000:00: root bus resource [mem 0x000a0000-0x000bffff window]
[    0.268007] pci_bus 0000:00: root bus resource [mem 0x40000000-0xfdffffff window]
[    0.272006] pci_bus 0000:00: root bus resource [bus 00-ff]
[    0.280586] pci 0000:00:01.1: legacy IDE quirk: reg 0x10: [io  0x01f0-0x01f7]
[    0.283275] pci 0000:00:01.1: legacy IDE quirk: reg 0x14: [io  0x03f6]
[    0.284012] pci 0000:00:01.1: legacy IDE quirk: reg 0x18: [io  0x0170-0x0177]
[    0.288006] pci 0000:00:01.1: legacy IDE quirk: reg 0x1c: [io  0x0376]
[    0.324241] pci 0000:00:07.0: quirk: [io  0x4000-0x403f] claimed by PIIX4 ACPI
[    0.327240] pci 0000:00:07.0: quirk: [io  0x4100-0x410f] claimed by PIIX4 SMB
[    0.343930] ACPI: PCI Interrupt Link [LNKA] (IRQs 5 9 10 *11)
[    0.345202] ACPI: PCI Interrupt Link [LNKB] (IRQs 5 9 *10 11)
[    0.348359] ACPI: PCI Interrupt Link [LNKC] (IRQs 5 *9 10 11)
[    0.352325] ACPI: PCI Interrupt Link [LNKD] (IRQs 5 9 10 *11)
[    0.355481] SCSI subsystem initialized
[    0.356127] pci 0000:00:02.0: vgaarb: setting as boot VGA device
[    0.358370] pci 0000:00:02.0: vgaarb: VGA device added: decodes=io+mem,owns=io+mem,locks=none
[    0.360007] pci 0000:00:02.0: vgaarb: bridge control possible
[    0.362209] vgaarb: loaded
[    0.363492] ACPI: bus type USB registered
[    0.364043] usbcore: registered new interface driver usbfs
[    0.366161] usbcore: registered new interface driver hub
[    0.368045] usbcore: registered new device driver usb
[    0.372058] EDAC MC: Ver: 3.0.0
[    0.374206] PCI: Using ACPI for IRQ routing
[    0.376682] NetLabel: Initializing
[    0.378151] NetLabel:  domain hash size = 128
[    0.379948] NetLabel:  protocols = UNLABELED CIPSOv4 CALIPSO
[    0.380036] NetLabel:  unlabeled traffic allowed by default
[    0.384198] clocksource: Switched to clocksource kvm-clock
[    0.438117] VFS: Disk quotas dquot_6.6.0
[    0.439838] VFS: Dquot-cache hash table entries: 512 (order 0, 4096 bytes)
[    0.442672] AppArmor: AppArmor Filesystem Enabled
[    0.444585] pnp: PnP ACPI init
[    0.448913] pnp: PnP ACPI: found 3 devices
[    0.464711] clocksource: acpi_pm: mask: 0xffffff max_cycles: 0xffffff, max_idle_ns: 2085701024 ns
[    0.468428] NET: Registered protocol family 2
[    0.476221] TCP established hash table entries: 8192 (order: 4, 65536 bytes)
[    0.479774] TCP bind hash table entries: 8192 (order: 5, 131072 bytes)
[    0.483090] TCP: Hash tables configured (established 8192 bind 8192)
[    0.486326] UDP hash table entries: 512 (order: 2, 16384 bytes)
[    0.489437] UDP-Lite hash table entries: 512 (order: 2, 16384 bytes)
[    0.492824] NET: Registered protocol family 1
[    0.495397] pci 0000:00:00.0: Limiting direct PCI/PCI transfers
[    0.498833] pci 0000:00:01.0: Activating ISA DMA hang workarounds
[    0.502612] pci 0000:00:02.0: Video device with shadowed ROM at [mem 0x000c0000-0x000dffff]
[    0.507180] Unpacking initramfs...
[    1.310988] Freeing initrd memory: 19124K
[    1.313330] clocksource: tsc: mask: 0xffffffffffffffff max_cycles: 0x23f3ef00b85, max_idle_ns: 440795229986 ns
[    1.318338] platform rtc_cmos: registered platform RTC device (no PNP device found)
[    1.322336] Scanning for low memory corruption every 60 seconds
[    1.327053] Initialise system trusted keyrings
[    1.328960] Key type blacklist registered
[    1.331229] workingset: timestamp_bits=36 max_order=18 bucket_order=0
[    1.337603] zbud: loaded
[    1.340974] squashfs: version 4.0 (2009/01/31) Phillip Lougher
[    1.344320] fuse init (API version 7.26)
[    1.351007] Key type asymmetric registered
[    1.352767] Asymmetric key parser 'x509' registered
[    1.355368] Block layer SCSI generic (bsg) driver version 0.4 loaded (major 246)
[    1.359424] io scheduler noop registered
[    1.361483] io scheduler deadline registered
[    1.363350] io scheduler cfq registered (default)
[    1.365915] ACPI: AC Adapter [AC] (on-line)
[    1.367755] input: Power Button as /devices/LNXSYSTM:00/LNXPWRBN:00/input/input0
[    1.370948] ACPI: Power Button [PWRF]
[    1.372903] input: Sleep Button as /devices/LNXSYSTM:00/LNXSLPBN:00/input/input1
[    1.376400] ACPI: Sleep Button [SLPF]
[    1.381301] ACPI: Battery Slot [BAT0] (battery present)
[    1.383640] Serial: 8250/16550 driver, 32 ports, IRQ sharing enabled
[    1.407721] 00:02: ttyS0 at I/O 0x3f8 (irq = 4, base_baud = 115200) is a 16550A
[    1.417700] Linux agpgart interface v0.103
[    1.422696] loop: module loaded
[    1.425421] scsi host0: ata_piix
[    1.427164] scsi host1: ata_piix
[    1.428692] ata1: PATA max UDMA/33 cmd 0x1f0 ctl 0x3f6 bmdma 0xd000 irq 14
[    1.431237] ata2: PATA max UDMA/33 cmd 0x170 ctl 0x376 bmdma 0xd008 irq 15
[    1.434416] libphy: Fixed MDIO Bus: probed
[    1.436631] tun: Universal TUN/TAP device driver, 1.6
[    1.438838] PPP generic driver version 2.4.2
[    1.440890] ehci_hcd: USB 2.0 'Enhanced' Host Controller (EHCI) Driver
[    1.443390] ehci-pci: EHCI PCI platform driver
[    1.445313] ehci-platform: EHCI generic platform driver
[    1.447415] ohci_hcd: USB 1.1 'Open' Host Controller (OHCI) Driver
[    1.449874] ohci-pci: OHCI PCI platform driver
[    1.451692] ohci-platform: OHCI generic platform driver
[    1.453893] uhci_hcd: USB Universal Host Controller Interface driver
[    1.456635] i8042: PNP: PS/2 Controller [PNP0303:PS2K,PNP0f03:PS2M] at 0x60,0x64 irq 1,12
[    1.460873] serio: i8042 KBD port at 0x60,0x64 irq 1
[    1.462919] serio: i8042 AUX port at 0x60,0x64 irq 12
[    1.465415] mousedev: PS/2 mouse device common for all mice
[    1.468884] input: AT Translated Set 2 keyboard as /devices/platform/i8042/serio0/input/input2
[    1.472154] rtc_cmos rtc_cmos: rtc core: registered rtc_cmos as rtc0
[    1.472331] rtc_cmos rtc_cmos: alarms up to one day, 114 bytes nvram
[    1.472346] i2c /dev entries driver
[    1.472471] device-mapper: uevent: version 1.0.3
[    1.472594] device-mapper: ioctl: 4.37.0-ioctl (2017-09-20) initialised: dm-devel@redhat.com
[    1.484193] ledtrig-cpu: registered to indicate activity on CPUs
[    1.487460] NET: Registered protocol family 10
[    1.496627] Segment Routing with IPv6
[    1.498312] NET: Registered protocol family 17
[    1.500233] Key type dns_resolver registered
[    1.502518] RAS: Correctable Errors collector initialized.
[    1.504660] sched_clock: Marking stable (1502267231, 0)->(2050759504, -548492273)
[    1.508469] registered taskstats version 1
[    1.510207] Loading compiled-in X.509 certificates
[    1.516380] Loaded X.509 cert 'Build time autogenerated kernel key: 2ed9c0a78927f1fed24db33f01fd983502d97350'
[    1.520412] zswap: loaded using pool lzo/zbud
[    1.529287] Key type big_key registered
[    1.531008] Key type trusted registered
[    1.536000] Key type encrypted registered
[    1.537736] AppArmor: AppArmor sha1 policy hashing enabled
[    1.539979] ima: No TPM chip found, activating TPM-bypass! (rc=-19)
[    1.543108] ima: Allocated hash algorithm: sha1
[    1.545559] evm: HMAC attrs: 0x1
[    1.547774]   Magic number: 11:852:338
[    1.549906] tty tty59: hash matches
[    1.552001] rtc_cmos rtc_cmos: setting system clock to 2019-07-25 16:19:13 UTC (1564071553)
[    1.556693] BIOS EDD facility v0.16 2004-Jun-25, 0 devices found
[    1.559200] EDD information not available.
[    1.608462] Freeing unused kernel image memory: 2408K
[    1.616708] Write protecting the kernel read-only data: 20480k
[    1.621052] Freeing unused kernel image memory: 2008K
[    1.623851] Freeing unused kernel image memory: 1868K
[    1.665305] x86/mm: Checked W+X mappings: passed, no W+X pages found.
[    1.667757] x86/mm: Checking user space page tables
[    1.709805] x86/mm: Checked W+X mappings: passed, no W+X pages found.
Loading, please wait...
starting version 237
[    1.907994] e1000: Intel(R) PRO/1000 Network Driver - version 7.3.21-k8-NAPI
[    1.911588] e1000: Copyright (c) 1999-2006 Intel Corporation.
[    1.916386] Fusion MPT base driver 3.04.20
[    1.918503] Copyright (c) 1999-2008 LSI Corporation
[    1.932363] AVX2 version of gcm_enc/dec engaged.
[    1.935842] AES CTR mode by8 optimization enabled
[    1.971952] Fusion MPT SPI Host driver 3.04.20
[    2.133550] input: ImExPS/2 Generic Explorer Mouse as /devices/platform/i8042/serio1/input/input4
[    2.426244] e1000 0000:00:03.0 eth0: (PCI:33MHz:32-bit) 02:d3:40:fa:08:af
[    2.429443] e1000 0000:00:03.0 eth0: Intel(R) PRO/1000 Network Connection
[    2.437469] e1000 0000:00:03.0 enp0s3: renamed from eth0
[    2.440511] mptbase: ioc0: Initiating bringup
[    2.888490] ioc0: LSI53C1030 A0: Capabilities={Initiator}
[    4.450325] scsi host2: ioc0: LSI53C1030 A0, FwRev=00000000h, Ports=1, MaxQ=256, IRQ=20
[    5.341856] scsi 2:0:0:0: Direct-Access     VBOX     HARDDISK         1.0  PQ: 0 ANSI: 5
[    5.384498] scsi target2:0:0: Beginning Domain Validation
[    5.388975] scsi target2:0:0: Domain Validation skipping write tests
[    5.391517] scsi target2:0:0: Ending Domain Validation
[    5.393743] scsi target2:0:0: asynchronous
[    5.396403] scsi 2:0:1:0: Direct-Access     VBOX     HARDDISK         1.0  PQ: 0 ANSI: 5
[    5.428954] scsi target2:0:1: Beginning Domain Validation
[    5.432968] random: fast init done
[    5.436537] scsi target2:0:1: Domain Validation skipping write tests
[    5.439180] scsi target2:0:1: Ending Domain Validation
[    5.441379] scsi target2:0:1: asynchronous
[    5.454324] random: systemd-udevd: uninitialized urandom read (16 bytes read)
[    5.457220] random: systemd-udevd: uninitialized urandom read (16 bytes read)
[    5.459933] random: systemd-udevd: uninitialized urandom read (16 bytes read)
[    5.463256] sd 2:0:0:0: Attached scsi generic sg0 type 0
[    5.466026] sd 2:0:0:0: [sda] 20971520 512-byte logical blocks: (10.7 GB/10.0 GiB)
[    5.469331] sd 2:0:0:0: [sda] Write Protect is off
[    5.472119] sd 2:0:1:0: Attached scsi generic sg1 type 0
[    5.474545] sd 2:0:0:0: [sda] Incomplete mode parameter data
[    5.476894] sd 2:0:0:0: [sda] Assuming drive cache: write through
[    5.479383] sd 2:0:1:0: [sdb] 20480 512-byte logical blocks: (10.5 MB/10.0 MiB)
[    5.482660] sd 2:0:1:0: [sdb] Write Protect is off
[    5.484728]  sda: sda1
[    5.487079] sd 2:0:1:0: [sdb] Incomplete mode parameter data
[    5.492041] sd 2:0:1:0: [sdb] Assuming drive cache: write through
[    5.494663] sd 2:0:0:0: [sda] Attached SCSI disk
[    5.501560] sd 2:0:1:0: [sdb] Attached SCSI disk
Begin: Loading essential drivers ... [    7.884069] raid6: sse2x1   gen()  2408 MB/s
[    7.932295] raid6: sse2x1   xor()  1558 MB/s
[    7.980124] raid6: sse2x2   gen()  5466 MB/s
[    8.028522] raid6: sse2x2   xor()  2336 MB/s
[    8.076830] raid6: sse2x4   gen()  4833 MB/s
[    8.124654] raid6: sse2x4   xor()  1737 MB/s
[    8.172507] raid6: avx2x1   gen()  4035 MB/s
[    8.220063] raid6: avx2x1   xor()  2186 MB/s
[    8.268193] raid6: avx2x2   gen()  7343 MB/s
[    8.316524] raid6: avx2x2   xor()  3993 MB/s
[    8.364303] raid6: avx2x4   gen() 10032 MB/s
[    8.412187] raid6: avx2x4   xor()  6716 MB/s
[    8.413916] raid6: using algorithm avx2x4 gen() 10032 MB/s
[    8.416036] raid6: .... xor() 6716 MB/s, rmw enabled
[    8.418065] raid6: using avx2x2 recovery algorithm
[    8.421991] xor: automatically using best checksumming function   avx       
[    8.426965] async_tx: api initialized (async)
done.
Begin: Running /scripts/init-premount ... done.
Begin: Mounting root file system ... Begin: Running /scripts/local-top ... done.
Begin: Running /scripts/local-premount ... [    8.538726] Btrfs loaded, crc32c=crc32c-intel
Scanning for Btrfs filesystems
done.
Warning: fsck not present, so skipping root file system
[    8.598398] EXT4-fs (sda1): mounted filesystem with ordered data mode. Opts: (null)
done.
Begin: Running /scripts/local-bottom ... done.
Begin: Running /scripts/init-bottom ... done.
[    8.873736] ip_tables: (C) 2000-2006 Netfilter Core Team
[    8.891093] systemd[1]: systemd 237 running in system mode. (+PAM +AUDIT +SELINUX +IMA +APPARMOR +SMACK +SYSVINIT +UTMP +LIBCRYPTSETUP +GCRYPT +GNUTLS +ACL +XZ +LZ4 +SECCOMP +BLKID +ELFUTILS +KMOD -IDN2 +IDN -PCRE2 default-hierarchy=hybrid)
[    8.899813] systemd[1]: Detected virtualization oracle.
[    8.901951] systemd[1]: Detected architecture x86-64.

Welcome to [1mUbuntu 18.04.2 LTS[0m!

[    8.913549] systemd[1]: Set hostname to <ubuntu>.
[    8.921372] systemd[1]: Initializing machine ID from random generator.
[    8.924081] systemd[1]: Installed transient /etc/machine-id file.
[    9.346257] systemd[1]: Created slice System Slice.
[[0;32m  OK  [0m] Created slice System Slice.
[    9.350021] systemd[1]: Listening on /dev/initctl Compatibility Named Pipe.
[[0;32m  OK  [0m] Listening on /dev/initctl Compatibility Named Pipe.
[    9.356016] systemd[1]: Listening on Syslog Socket.
[[0;32m  OK  [0m] Listening on Syslog Socket.
[    9.361160] systemd[1]: Created slice User and Session Slice.
[[0;32m  OK  [0m] Created slice User and Session Slice.
[[0;32m  OK  [0m] Created slice system-serial\x2dgetty.slice.
[[0;32m  OK  [0m] Listening on Journal Socket (/dev/log).
[[0;32m  OK  [0m] Listening on udev Control Socket.
[[0;32m  OK  [0m] Listening on LVM2 poll daemon socket.
[[0;32m  OK  [0m] Listening on Journal Socket.
         Starting Uncomplicated firewall...
         Starting Load Kernel Modules...
         Mounting Kernel Debug File System...
[[0;32m  OK  [0m] Listening on Journal Audit Socket.
         Starting Journal Service...
         Mounting Huge Pages File System...
[[0;32m  OK  [0m] Reached target Slices.
[[0;32m  OK  [0m] Reached target System Time Synchronized.
[[0;32m  OK  [0m] Listening on udev Kernel Socket.
         Starting Create list of required st…ce nodes for the current kernel...
[[0;32m  OK  [0m] Reached target Swap.
         Starting udev Coldplug all Devices...
[[0;32m  OK  [0m] Listening on Device-mapper event daemon FIFOs.
[[0;32m  OK  [0m] Listening on LVM2 metadata daemon socket.
[    9.447993] Loading iSCSI transport class v2.0-870.
         Starting Monitoring of LVM2 mirrors…ng dmeventd or progress polling...
[[0;32m  OK  [0m] Started Forward Password Requests to Wall Directory Watch.
         Mounting POSIX Message Queue File System...
         Starting Set the console keyboard layout...
[[0;32m  OK  [0m] Reached target User and Group Name Lookups.
[[0;32m  OK  [0m] Listening on Network Service Netlink Socket.
[[0;32m  OK  [0m] Set up automount Arbitrary Executab…rmats File System Automount Point.
[    9.510547] iscsi: registered transport (tcp)
         Starting Remount Root and Kernel File Systems...
[[0;32m  OK  [0m] Started Uncomplicated firewall.
[[0;32m  OK  [0m] Mounted Kernel Debug File System.
[[0;32m  OK  [0m] Mounted Huge Pages File System.
[[0;32m  OK  [0m] Started Create list of required sta…vice nodes for the current kernel.
[[0;32m  OK  [0m] Mounted POSIX Message Queue File System.
         Starting Create Static Device Nodes in /dev...
[[0;32m  OK  [0m] Started LVM2 metadata daemon.
[    9.648409] EXT4-fs (sda1): re-mounted. Opts: (null)
[[0;32m  OK  [0m] Started Create Static Device Nodes in /dev.
[[0;32m  OK  [0m] Started Remount Root and Kernel File Systems.
         Starting udev Kernel Device Manager...
         Starting Load/Save Random Seed...
[[0;32m  OK  [0m] Started Journal Service.
[[0;32m  OK  [0m] Started udev Coldplug all Devices.
         Starting Flush Journal to Persistent Storage...
[    9.729666] iscsi: registered transport (iser)
[[0;32m  OK  [0m] Started Load Kernel Modules.
         Mounting FUSE Control File System...
         Starting Apply Kernel Variables...
         Mounting Kernel Configuration File System...
[[0;32m  OK  [0m] Started Load/Save Random Seed.
[[0;32m  OK  [0m] Mounted FUSE Control File System.
[[0;32m  OK  [0m] Mounted Kernel Configuration File System.
[[0;32m  OK  [0m] Started udev Kernel Device Manager.
[[0;32m  OK  [0m] Started Monitoring of LVM2 mirrors,…sing dmeventd or progress polling.
[[0;32m  OK  [0m] Started Apply Kernel Variables.
[[0;32m  OK  [0m] Started Flush Journal to Persistent Storage.
[[0;32m  OK  [0m] Found device /dev/ttyS0.
[[0;32m  OK  [0m] Listening on Load/Save RF Kill Switch Status /dev/rfkill Watch.
[[0;32m  OK  [0m] Started Set the console keyboard layout.
[[0;32m  OK  [0m] Started Dispatch Password Requests to Console Directory Watch.
[[0;32m  OK  [0m] Reached target Local Encrypted Volumes.
[[0;32m  OK  [0m] Reached target Local File Systems (Pre).
[[0;32m  OK  [0m] Reached target Local File Systems.
         Starting ebtables ruleset management...
         Starting Tell Plymouth To Write Out Runtime Data...
         Starting Set console font and keymap...
         Starting Create Volatile Files and Directories...
         Starting Commit a transient machine-id on disk...
         Starting AppArmor initialization...
[[0;32m  OK  [0m] Started Tell Plymouth To Write Out Runtime Data.
[[0;32m  OK  [0m] Started Create Volatile Files and Directories.
         Starting Update UTMP about System Boot/Shutdown...
[[0;32m  OK  [0m] Started Update UTMP about System Boot/Shutdown.
[[0;32m  OK  [0m] Started Commit a transient machine-id on disk.
[[0;32m  OK  [0m] Started ebtables ruleset management.
[[0;32m  OK  [0m] Started Set console font and keymap.
[[0;32m  OK  [0m] Started AppArmor initialization.
         Starting Initial cloud-init job (pre-networking)...
[   18.975893] cloud-init[777]: Cloud-init v. 19.1-1-gbaa47854-0ubuntu1~18.04.1 running 'init-local' at Thu, 25 Jul 2019 16:19:30 +0000. Up 18.16 seconds.
[[0;32m  OK  [0m] Started Initial cloud-init job (pre-networking).
[[0;32m  OK  [0m] Reached target Network (Pre).
         Starting Network Service...
[[0;32m  OK  [0m] Started Network Service.
         Starting Network Name Resolution...
         Starting Wait for Network to be Configured...
[[0;32m  OK  [0m] Started Network Name Resolution.
[[0;32m  OK  [0m] Reached target Network.
[[0;32m  OK  [0m] Reached target Host and Network Name Lookups.
[[0;32m  OK  [0m] Started Wait for Network to be Configured.
         Starting Initial cloud-init job (metadata service crawler)...
[   22.280576] cloud-init[890]: Cloud-init v. 19.1-1-gbaa47854-0ubuntu1~18.04.1 running 'init' at Thu, 25 Jul 2019 16:19:33 +0000. Up 21.87 seconds.
[   22.284477] cloud-init[890]: ci-info: +++++++++++++++++++++++++++++++++++++Net device info++++++++++++++++++++++++++++++++++++++
[   22.288020] cloud-init[890]: ci-info: +--------+------+---------------------------+---------------+--------+-------------------+
[   22.291547] cloud-init[890]: ci-info: | Device |  Up  |          Address          |      Mask     | Scope  |     Hw-Address    |
[   22.294994] cloud-init[890]: ci-info: +--------+------+---------------------------+---------------+--------+-------------------+
[   22.308502] cloud-init[890]: ci-info: | enp0s3 | True |         10.0.2.15         | 255.255.255.0 | global | 02:d3:40:fa:08:af |
[   22.312569] cloud-init[890]: ci-info: | enp0s3 | True | fe80::d3:40ff:fefa:8af/64 |       .       |  link  | 02:d3:40:fa:08:af |
[   22.319333] cloud-init[890]: ci-info: |   lo   | True |         127.0.0.1         |   255.0.0.0   |  host  |         .         |
[   22.323446] cloud-init[890]: ci-info: |   lo   | True |          ::1/128          |       .       |  host  |         .         |
[   22.327348] cloud-init[890]: ci-info: +--------+------+---------------------------+---------------+--------+-------------------+
[   22.331419] cloud-init[890]: ci-info: ++++++++++++++++++++++++++++Route IPv4 info+++++++++++++++++++++++++++++
[   22.334835] cloud-init[890]: ci-info: +-------+-------------+----------+-----------------+-----------+-------+
[   22.338501] cloud-init[890]: ci-info: | Route | Destination | Gateway  |     Genmask     | Interface | Flags |
[   22.352641] cloud-init[890]: ci-info: +-------+-------------+----------+-----------------+-----------+-------+
[   22.355393] cloud-init[890]: ci-info: |   0   |   0.0.0.0   | 10.0.2.2 |     0.0.0.0     |   enp0s3  |   UG  |
[   22.358295] cloud-init[890]: ci-info: |   1   |   10.0.2.0  | 0.0.0.0  |  255.255.255.0  |   enp0s3  |   U   |
[   22.361068] cloud-init[890]: ci-info: |   2   |   10.0.2.2  | 0.0.0.0  | 255.255.255.255 |   enp0s3  |   UH  |
[   22.363826] cloud-init[890]: ci-info: +-------+-------------+----------+-----------------+-----------+-------+
[   22.367047] cloud-init[890]: ci-info: +++++++++++++++++++Route IPv6 info+++++++++++++++++++
[   22.369444] cloud-init[890]: ci-info: +-------+-------------+---------+-----------+-------+
[   22.371741] cloud-init[890]: ci-info: | Route | Destination | Gateway | Interface | Flags |
[   22.374104] cloud-init[890]: ci-info: +-------+-------------+---------+-----------+-------+
[   22.376437] cloud-init[890]: ci-info: |   1   |  fe80::/64  |    ::   |   enp0s3  |   U   |
[   22.378773] cloud-init[890]: ci-info: |   3   |    local    |    ::   |   enp0s3  |   U   |
[   22.381030] cloud-init[890]: ci-info: |   4   |   ff00::/8  |    ::   |   enp0s3  |   U   |
[   22.383278] cloud-init[890]: ci-info: +-------+-------------+---------+-----------+-------+
[   23.471468] cloud-init[890]: Generating public/private rsa key pair.
[   23.473645] cloud-init[890]: Your identification has been saved in /etc/ssh/ssh_host_rsa_key.
[   23.476004] cloud-init[890]: Your public key has been saved in /etc/ssh/ssh_host_rsa_key.pub.
[   23.478190] cloud-init[890]: The key fingerprint is:
[   23.479819] cloud-init[890]: SHA256:PjiW0kSQVdExTOZauxaWMwhKZQb40yuyA5QregojXsk root@ubuntu-bionic
[   23.482559] cloud-init[890]: The key's randomart image is:
[   23.493360] cloud-init[890]: +---[RSA 2048]----+
[   23.494777] cloud-init[890]: |   .o+=.o==.     |
[   23.496840] cloud-init[890]: |  . .=   oo.     |
[   23.498395] cloud-init[890]: |  ....o   o      |
[   23.499615] cloud-init[890]: | o .oo.. + o     |
[   23.500719] cloud-init[890]: |. . ....S B      |
[   23.513415] cloud-init[890]: |o.o oo.+ . =     |
[   23.514919] cloud-init[890]: |*. E..* o o      |
[   23.517066] cloud-init[890]: |=.=  o . o       |
[   23.518750] cloud-init[890]: |.+ .             |
[   23.520253] cloud-init[890]: +----[SHA256]-----+
[   23.521690] cloud-init[890]: Generating public/private dsa key pair.
[   23.523467] cloud-init[890]: Your identification has been saved in /etc/ssh/ssh_host_dsa_key.
[   23.525997] cloud-init[890]: Your public key has been saved in /etc/ssh/ssh_host_dsa_key.pub.
[   23.528540] cloud-init[890]: The key fingerprint is:
[   23.540345] cloud-init[890]: SHA256:HAb1ihm7ObBnGoJzovNLLFj0z0lzz3h87iwsP0Evv3U root@ubuntu-bionic
[   23.542856] cloud-init[890]: The key's randomart image is:
[   23.544498] cloud-init[890]: +---[DSA 1024]----+
[   23.545794] cloud-init[890]: |      ...        |
[   23.547226] cloud-init[890]: |       . .       |
[   23.548873] cloud-init[890]: |  .   . o .      |
[   23.550395] cloud-init[890]: | . .   B o.      |
[   23.551746] cloud-init[890]: |  . o * S. .     |
[   23.553187] cloud-init[890]: |.+   * * =o .    |
[   23.554582] cloud-init[890]: |* = o X ..=+. . E|
[   23.555880] cloud-init[890]: |o* . = ...++.. . |
[   23.568696] cloud-init[890]: |.oo..    o.+=.   |
[   23.570238] cloud-init[890]: +----[SHA256]-----+
[   23.571556] cloud-init[890]: Generating public/private ecdsa key pair.
[   23.573503] cloud-init[890]: Your identification has been saved in /etc/ssh/ssh_host_ecdsa_key.
[   23.575922] cloud-init[890]: Your public key has been saved in /etc/ssh/ssh_host_ecdsa_key.pub.
[   23.578391] cloud-init[890]: The key fingerprint is:
[   23.579860] cloud-init[890]: SHA256:XB6vaI2GC1R3g6/Qbrzg7FBmxaFGs+Jo+QFNoTxB7b4 root@ubuntu-bionic
[   23.582613] cloud-init[890]: The key's randomart image is:
[   23.584569] cloud-init[890]: +---[ECDSA 256]---+
[   23.586236] cloud-init[890]: | .o.o.o .        |
[   23.587499] cloud-init[890]: | . =.. = o       |
[   23.588883] cloud-init[890]: |  =.o = = =      |
[   23.590166] cloud-init[890]: |   *.+ = = +     |
[   23.591574] cloud-init[890]: |  +.+ = S o .    |
[   23.593064] cloud-init[890]: | . o.= = = .     |
[   23.594417] cloud-init[890]: |    +.o X o      |
[   23.595689] cloud-init[890]: |    E= * .       |
[   23.596967] cloud-init[890]: |     .= .        |
[   23.598267] cloud-init[890]: +----[SHA256]-----+
[   23.599551] cloud-init[890]: Generating public/private ed25519 key pair.
[   23.601391] cloud-init[890]: Your identification has been saved in /etc/ssh/ssh_host_ed25519_key.
[   23.603757] cloud-init[890]: Your public key has been saved in /etc/ssh/ssh_host_ed25519_key.pub.
[   23.606191] cloud-init[890]: The key fingerprint is:
[   23.607565] cloud-init[890]: SHA256:8oNO+PuO/dpMnJx6FneOpnOqaGf8qcwxiuiz6tzeqaA root@ubuntu-bionic
[   23.610013] cloud-init[890]: The key's randomart image is:
[   23.611577] cloud-init[890]: +--[ED25519 256]--+
[   23.613023] cloud-init[890]: |                 |
[   23.614330] cloud-init[890]: |                 |
[   23.615744] cloud-init[890]: |                 |
[   23.617211] cloud-init[890]: |                 |
[   23.618637] cloud-init[890]: |      . S        |
[   23.619913] cloud-init[890]: |     . + o.o. .  |
[   23.621283] cloud-init[890]: | .  . o.= *o +   |
[   23.622671] cloud-init[890]: |o +..=oB+O+.+ .  |
[   23.624066] cloud-init[890]: |E==*o+B*@OO*     |
[   23.625536] cloud-init[890]: +----[SHA256]-----+
[[0;32m  OK  [0m] Started Initial cloud-init job (metadata service crawler).
[[0;32m  OK  [0m] Reached target Network is Online.
         Starting Availability of block devices...
[[0;32m  OK  [0m] Reached target Remote File Systems (Pre).
[[0;32m  OK  [0m] Reached target Remote File Systems.
[[0;32m  OK  [0m] Reached target Cloud-config availability.
[[0;32m  OK  [0m] Reached target System Initialization.
[[0;32m  OK  [0m] Listening on UUID daemon activation socket.
[[0;32m  OK  [0m] Listening on D-Bus System Message Bus Socket.
[[0;32m  OK  [0m] Listening on Open-iSCSI iscsid Socket.
         Starting LXD - unix socket.
[[0;32m  OK  [0m] Started Discard unused blocks once a week.
[[0;32m  OK  [0m] Started ACPI Events Check.
[[0;32m  OK  [0m] Reached target Paths.
         Starting Socket activation for snappy daemon.
[[0;32m  OK  [0m] Started Daily apt download activities.
[[0;32m  OK  [0m] Started Daily apt upgrade and clean activities.
[[0;32m  OK  [0m] Listening on ACPID Listen Socket.
[[0;32m  OK  [0m] Started Daily Cleanup of Temporary Directories.
[[0;32m  OK  [0m] Started Message of the Day.
[[0;32m  OK  [0m] Reached target Timers.
[[0;32m  OK  [0m] Started Availability of block devices.
[[0;32m  OK  [0m] Listening on LXD - unix socket.
[[0;32m  OK  [0m] Listening on Socket activation for snappy daemon.
[[0;32m  OK  [0m] Reached target Sockets.
[[0;32m  OK  [0m] Reached target Basic System.
[[0;32m  OK  [0m] Started D-Bus System Message Bus.
         Starting System Logging Service...
         Starting Dispatcher daemon for systemd-networkd...
         Starting LSB: automatic crash report generation...
[[0;32m  OK  [0m] Started irqbalance daemon.
[[0;32m  OK  [0m] Started Deferred execution scheduler.
         Starting Virtualbox guest utils...
         Starting Login Service...
         Starting Accounts Service...
[[0;32m  OK  [0m] Started Regular background program processing daemon.
         Starting LSB: Record successful boot for GRUB...
         Starting Permit User Sessions...
         Starting Pollinate to seed the pseudo random number generator...
         Starting Snappy daemon...
[[0;32m  OK  [0m] Started FUSE filesystem for LXC.
         Starting LXD - container startup/shutdown...
[[0;32m  OK  [0m] Started System Logging Service.
[[0;32m  OK  [0m] Started Permit User Sessions.
         Starting Hold until boot process finishes up...
         Starting Terminate Plymouth Boot Screen...
[[0;32m  OK  [0m] Started Hold until boot process finishes up.
[[0;32m  OK  [0m] Started Terminate Plymouth Boot Screen.
[[0;32m  OK  [0m] Started Serial Getty on ttyS0.
         Starting Set console scheme...
[[0;32m  OK  [0m] Started Set console scheme.
[[0;32m  OK  [0m] Created slice system-getty.slice.
[[0;32m  OK  [0m] Started Getty on tty1.
[[0;32m  OK  [0m] Reached target Login Prompts.
[[0;32m  OK  [0m] Started LSB: automatic crash report generation.
[[0;32m  OK  [0m] Started Login Service.
[[0;32m  OK  [0m] Started Unattended Upgrades Shutdown.
         Starting Authorization Manager...
[[0;32m  OK  [0m] Started LSB: Record successful boot for GRUB.
[[0;32m  OK  [0m] Started Authorization Manager.
[[0;32m  OK  [0m] Started Accounts Service.
[[0;32m  OK  [0m] Started LXD - container startup/shutdown.
[[0;32m  OK  [0m] Started Virtualbox guest utils.
[[0;32m  OK  [0m] Started Dispatcher daemon for systemd-networkd.
[[0;32m  OK  [0m] Started Snappy daemon.
         Starting Wait until snapd is fully seeded...
[[0;32m  OK  [0m] Started Pollinate to seed the pseudo random number generator.
         Starting OpenBSD Secure Shell server...
[[0;32m  OK  [0m] Started OpenBSD Secure Shell server.
[[0;32m  OK  [0m] Created slice User Slice of vagrant.
         Starting User Manager for UID 1000...
[[0;32m  OK  [0m] Started Session 1 of user vagrant.
[[0;32m  OK  [0m] Started User Manager for UID 1000.

Ubuntu 18.04.2 LTS ubuntu-bionic ttyS0

ubuntu-bionic login: [   32.277502] cloud-init[1424]: Cloud-init v. 19.1-1-gbaa47854-0ubuntu1~18.04.1 running 'modules:config' at Thu, 25 Jul 2019 16:19:43 +0000. Up 31.26 seconds.
ci-info: no authorized ssh keys fingerprints found for user ubuntu.
<14>Jul 25 16:19:46 ec2: 
<14>Jul 25 16:19:46 ec2: #############################################################
<14>Jul 25 16:19:46 ec2: -----BEGIN SSH HOST KEY FINGERPRINTS-----
<14>Jul 25 16:19:46 ec2: 1024 SHA256:HAb1ihm7ObBnGoJzovNLLFj0z0lzz3h87iwsP0Evv3U root@ubuntu-bionic (DSA)
<14>Jul 25 16:19:46 ec2: 256 SHA256:XB6vaI2GC1R3g6/Qbrzg7FBmxaFGs+Jo+QFNoTxB7b4 root@ubuntu-bionic (ECDSA)
<14>Jul 25 16:19:46 ec2: 256 SHA256:8oNO+PuO/dpMnJx6FneOpnOqaGf8qcwxiuiz6tzeqaA root@ubuntu-bionic (ED25519)
<14>Jul 25 16:19:46 ec2: 2048 SHA256:PjiW0kSQVdExTOZauxaWMwhKZQb40yuyA5QregojXsk root@ubuntu-bionic (RSA)
<14>Jul 25 16:19:46 ec2: -----END SSH HOST KEY FINGERPRINTS-----
<14>Jul 25 16:19:46 ec2: #############################################################
-----BEGIN SSH HOST KEY KEYS-----
ecdsa-sha2-nistp256 AAAAE2VjZHNhLXNoYTItbmlzdHAyNTYAAAAIbmlzdHAyNTYAAABBBMLar6dxltv32ovcTSCALNks/UKl9onEwSUELBUo+j1NRH7UGODxggkwb7I0ghbdSFfwyumrpixh94z/qCRgU5c= root@ubuntu-bionic
ssh-ed25519 AAAAC3NzaC1lZDI1NTE5AAAAIAM9RVmdA9kENRPimYgCpy12aKxBkMhraNzTlBHgiQqR root@ubuntu-bionic
ssh-rsa AAAAB3NzaC1yc2EAAAADAQABAAABAQDeMJW8ksBU2blGr1iB3yJAdh82hLT4z4kEiYudLfaLfzG9IPlywYvv7WG3GK4+tLMMVBZqslwfoGz4zTd4JpLNSs7PiGXu4+YD1hKEfEemZjPMhzcceEhgnNN9+TfB5jxES5rtTDXsUWZezkaqmHKKP2fNa7spTPClGQ2RTDu/tXDIhru/bIJB6qtjh8OwU6X/oSIqS3RZop6+ksrIEansqWVNFkpTLa3SBMK1r4XA/YaV0MbMpbugBM6E3jbEDhFxMFHf/GntGwOQUa75oQznfeCCIWeRwepiCNLIlxetHjZvoR7y9D+AEmyn9Yrp3C7syisRGweqdZ4TQM9MIvO9 root@ubuntu-bionic
-----END SSH HOST KEY KEYS-----
[   34.321989] cloud-init[1610]: Cloud-init v. 19.1-1-gbaa47854-0ubuntu1~18.04.1 running 'modules:final' at Thu, 25 Jul 2019 16:19:45 +0000. Up 33.90 seconds.
[   34.322188] cloud-init[1610]: ci-info: no authorized ssh keys fingerprints found for user ubuntu.
[   34.324453] cloud-init[1610]: Cloud-init v. 19.1-1-gbaa47854-0ubuntu1~18.04.1 finished at Thu, 25 Jul 2019 16:19:46 +0000. Datasource DataSourceNoCloud [seed=/dev/sdb][dsmode=net].  Up 34.29 seconds
[  953.012301] INFO: rcu_sched self-detected stall on CPU
[  953.020009] 	0-...!: (1 ticks this GP) idle=3f6/1/0 softirq=18771/18771 fqs=0 
[  953.023152] 	 (t=73260 jiffies g=4771 c=4770 q=8)
[  953.026981] rcu_sched kthread starved for 73260 jiffies! g4771 c4770 f0x0 RCU_GP_WAIT_FQS(3) ->state=0x402 ->cpu=0
[  953.040722] systemd[1]: systemd-udevd.service: Watchdog timeout (limit 3min)!
[  953.060688] systemd[1]: systemd-logind.service: Watchdog timeout (limit 3min)!
